<?xml version="1.0" encoding="UTF-8"?>
<!-- Generated by org.testng.reporters.JUnitReportReporter -->
<testsuite hostname="Zaman_M" failures="0" tests="10" name="com.TestNgChallenges.SameTestCasesRunMultipleTimes" time="0.011" errors="0" timestamp="2023-05-15T19:01:07 EDT" skipped="0">
  <testcase classname="com.TestNgChallenges.SameTestCasesRunMultipleTimes" name="GetMethod" time="0.000"/>
  <system-out/>
  <testcase classname="com.TestNgChallenges.SameTestCasesRunMultipleTimes" name="GetMethod" time="0.001"/>
  <system-out/>
  <testcase classname="com.TestNgChallenges.SameTestCasesRunMultipleTimes" name="GetMethod" time="0.001"/>
  <system-out/>
  <testcase classname="com.TestNgChallenges.SameTestCasesRunMultipleTimes" name="GetMethod" time="0.000"/>
  <system-out/>
  <testcase classname="com.TestNgChallenges.SameTestCasesRunMultipleTimes" name="GetMethod" time="0.000"/>
  <system-out/>
  <testcase classname="com.TestNgChallenges.SameTestCasesRunMultipleTimes" name="GetMethod" time="0.000"/>
  <system-out/>
  <testcase classname="com.TestNgChallenges.SameTestCasesRunMultipleTimes" name="GetMethod" time="0.000"/>
  <system-out/>
  <testcase classname="com.TestNgChallenges.SameTestCasesRunMultipleTimes" name="GetMethod" time="0.000"/>
  <system-out/>
  <testcase classname="com.TestNgChallenges.SameTestCasesRunMultipleTimes" name="GetMethod" time="0.008"/>
  <system-out/>
  <testcase classname="com.TestNgChallenges.SameTestCasesRunMultipleTimes" name="GetMethod" time="0.001"/>
  <system-out/>
</testsuite> <!-- com.TestNgChallenges.SameTestCasesRunMultipleTimes -->
