<?xml version="1.0" encoding="UTF-8"?>
<!-- Generated by org.testng.reporters.JUnitReportReporter -->
<testsuite hostname="Zaman_M" failures="0" tests="1" name="smarttech.ny.myrunner.TestRunner" time="5.456" errors="0" timestamp="2023-05-15T22:39:30 EDT" skipped="0">
  <testcase classname="smarttech.ny.myrunner.TestRunner" name="runScenario" time="5.456"/>
  <system-out/>
</testsuite> <!-- smarttech.ny.myrunner.TestRunner -->
