<?xml version="1.0" encoding="UTF-8"?>
<!-- Generated by org.testng.reporters.JUnitReportReporter -->
<testsuite hostname="Zaman_M" failures="0" tests="6" name="com.TestNgChallenges.PriorityTest" time="0.010" errors="0" timestamp="2023-05-15T18:46:54 EDT" skipped="0">
  <testcase classname="com.TestNgChallenges.PriorityTest" name="GetMethod6" time="0.006"/>
  <system-out/>
  <testcase classname="com.TestNgChallenges.PriorityTest" name="GetMethod4" time="0.002"/>
  <system-out/>
  <testcase classname="com.TestNgChallenges.PriorityTest" name="GetMethod5" time="0.001"/>
  <system-out/>
  <testcase classname="com.TestNgChallenges.PriorityTest" name="GetMethod3" time="0.000"/>
  <system-out/>
  <testcase classname="com.TestNgChallenges.PriorityTest" name="GetMethod2" time="0.001"/>
  <system-out/>
  <testcase classname="com.TestNgChallenges.PriorityTest" name="GetMethod1" time="0.000"/>
  <system-out/>
</testsuite> <!-- com.TestNgChallenges.PriorityTest -->
