<?xml version="1.0" encoding="UTF-8"?>
<!-- Generated by org.testng.reporters.JUnitReportReporter -->
<testsuite hostname="Zaman_M" failures="0" tests="4" name="com.TestNgChallenges.ParallalTesting" time="14.404" errors="0" timestamp="2023-05-15T21:46:56 EDT" skipped="0">
  <testcase classname="com.TestNgChallenges.ParallalTesting" name="functionalTest" time="3.591"/>
  <system-out/>
  <testcase classname="com.TestNgChallenges.ParallalTesting" name="sanityTest" time="3.610"/>
  <system-out/>
  <testcase classname="com.TestNgChallenges.ParallalTesting" name="regressionTest" time="3.607"/>
  <system-out/>
  <testcase classname="com.TestNgChallenges.ParallalTesting" name="smokeTest" time="3.596"/>
  <system-out/>
</testsuite> <!-- com.TestNgChallenges.ParallalTesting -->
