<?xml version="1.0" encoding="UTF-8"?>
<!-- Generated by org.testng.reporters.JUnitReportReporter -->
<testsuite hostname="Zaman_M" failures="0" tests="3" name="com.TestNgChallenges.CrossBrowserTesting" time="9.986" errors="0" timestamp="2023-05-15T20:47:16 EDT" skipped="0">
  <testcase classname="com.TestNgChallenges.CrossBrowserTesting" name="getLogIn" time="2.510"/>
  <system-out/>
  <testcase classname="com.TestNgChallenges.CrossBrowserTesting" name="getLogIn" time="2.482"/>
  <system-out/>
  <testcase classname="com.TestNgChallenges.CrossBrowserTesting" name="getLogIn" time="4.994"/>
  <system-out/>
</testsuite> <!-- com.TestNgChallenges.CrossBrowserTesting -->
