<?xml version="1.0" encoding="UTF-8"?>
<!-- Generated by org.testng.reporters.JUnitReportReporter -->
<testsuite hostname="Zaman_M" failures="0" tests="4" name="com.TestNgChallenges.DataProviderTEST" time="17.392" errors="0" timestamp="2023-05-15T22:08:16 EDT" skipped="0">
  <testcase classname="com.TestNgChallenges.DataProviderTEST" name="getLogIn" time="3.200"/>
  <system-out/>
  <testcase classname="com.TestNgChallenges.DataProviderTEST" name="getLogIn" time="3.630"/>
  <system-out/>
  <testcase classname="com.TestNgChallenges.DataProviderTEST" name="getLogIn" time="6.182"/>
  <system-out/>
  <testcase classname="com.TestNgChallenges.DataProviderTEST" name="getLogIn" time="4.380"/>
  <system-out/>
</testsuite> <!-- com.TestNgChallenges.DataProviderTEST -->
