<?xml version="1.0" encoding="UTF-8"?>
<!-- Generated by org.testng.reporters.JUnitReportReporter -->
<testsuite hostname="Zaman_M" failures="0" tests="6" name="com.TestNgChallenges.EnableTrueFalse" time="0.011" errors="0" timestamp="2023-05-15T18:50:38 EDT" skipped="1">
  <testcase classname="com.TestNgChallenges.EnableTrueFalse" name="GetMethod5" time="0.002"/>
  <system-out/>
  <testcase classname="com.TestNgChallenges.EnableTrueFalse" name="GetMethod2" time="0.000"/>
  <system-out/>
  <testcase classname="com.TestNgChallenges.EnableTrueFalse" name="GetMethod6" time="0.002"/>
  <system-out/>
  <testcase classname="com.TestNgChallenges.EnableTrueFalse" name="GetMethod4" time="0.001"/>
  <system-out/>
  <testcase classname="com.TestNgChallenges.EnableTrueFalse" name="GetMethod1" time="0.006"/>
  <system-out/>
  <testcase classname="com.TestNgChallenges.EnableTrueFalse" name="GetMethod3">
    <skipped/>
  </testcase> <!-- GetMethod3 -->
  <system-out/>
</testsuite> <!-- com.TestNgChallenges.EnableTrueFalse -->
