<?xml version="1.0" encoding="UTF-8"?>
<!-- Generated by org.testng.reporters.JUnitReportReporter -->
<testsuite hostname="Zaman_M" failures="0" tests="1" name="smarttech.ny.myrunner.TestRunner" time="6.130" errors="0" timestamp="08 May 2023 05:24:35 GMT" skipped="0">
  <testcase classname="smarttech.ny.myrunner.TestRunner" name="runScenario" time="6.130"/>
</testsuite> <!-- smarttech.ny.myrunner.TestRunner -->
